0: 58 87 58 13 71 71 78 95 67 12 54 42 16 54 30 19 79 0 55 68 11 54 90 23 52 6 90 17 75 24 71 25 48 38 28 38 79 0 1 37 32 32 48 12 88 4 61 36 66 50 82 67 5
1: 16 93 92 49 61 93 34 37 78 89 93 23 6 35 69 12 74 68 2 22 24 31 84 99 39 83 1 43 68 44 71 61 68 41 2 5 35 55 85 7 80 55 31 37 13 26 88
2: 71 7 64 8 83 77 48 38 30 15 39 5 2 87 75 2 58 53 45 46 68 70 39 14 76 20 37 65 41 24 27 73 11 15 35 16 50 97 11 60 26 66 94 31 82 43 22 8 57
3: 21 23 45 67 70 61 48 88 50 2 52 66 90 66 31 77 29 69 42 42 94 43 32 86 32 90 7 81 72 10 67 60 64 14 6 94 64 30 6 88 44 45 92 37 41 47 76 15 44 23 37 13 98 94 24 72 23 81
4: 35 18 95 37 77 84 1 62 85 38 68 84 56 37 83 98 34 5 79 41 0 96 81 33 16 45 95 44 92 53 96 38 78 78 19 69 63 84 40
5: 88 58 62 64 75 26 26 37 91 21 72 7 76 31 40 12 40 99 97 96 2 36 58 11 49 99 41 62 1 70 15 47 33 50 6 66 1 49 51 27 65 26 56 11 12 84 44 25 3 44 59
6: 73 66 52 71 28 68 56 62 84 91 68 6 10 31 9 29 88 14 2 49 2 27 95 50 85 76 21 31 86 43 18 10 13 11 60 10 42 98 65 39 63 20 24 84 5 91 88 21 94 26 96
7: 77 81 98 96 60 55 45 84 2 95 93 77 7 92 94 69 21 54 34 54 59 93 45 20 49 34 30 70 71 95 19 70 29 30 78 40 22 27 77 35 75 31 44 17 66 73 35 4 52 46
8: 32 13 92 18 41 64 67 77 72 59 37 61 23 61 57 82 11 77 41 41 44 15 95 54 96 11 88 53 38 0 30 38 47 96 18 46 46 35 72 90 19 88 90 35 19
9: 82 2 84 64 12 87 33 7 48 52 65 81 40 3 57 20 62 90 35 16 64 36 80 14 10 38 31 32 50 30 71 66 58 53 19 33 29 26 35 63
10: 3 45 17 61 84 37 82 72 43 71 71 77 61 74 18 89 28 40 68 20 76 50 46 91 57 28 69 27 17 95 27 88 8 91 96 71 83 59 17 5 49 42 28 13 63 5
11: 2 41 37 41 82 50 60 19 45 69 92 94 14 59 92 54 11 79 80 25 93 52 89 29 67 50 85 64 6 67 11 74 40 93 12 93 17 63 14 66 22 29 81 30 6 76 40 75 84 66 60
12: 0 45 17 46 75 36 31 72 62 3 46 76 40 37 55 0 62 18 67 22 82 56 52 89 0 81 21 41 87 82 32 74 82 7 20 36 24 96 12 65 92 4 86 31 88 47 27 72 17 18
13: 74 58 75 91 42 9 98 1 62 15 68 64 63 96 11 93 23 24 51 62 9 59 23 6 17 53 60 65 35 13 66 89 51 53 34 71 86 71 32 96 8 6 31 87 96 20 94 56 46 58 98 6
14: 14 51 39 68 50 18 67 87 23 26 95 95 63 85 49 49 38 54 46 56 15 99 52 47 29 23 66 36 99 10 98 12 14 96 1 42 46 44 13 58 24 56
15: 76 64 55 30 51 2 21 8 4 49 26 50 39 72 15 56 4 8 97 86 36 45 53 86 76 56 74 95 47 89 5 43 18 4 44 80 64 9 93 25 58 87 35 73 87 75 22 45 62
16: 81 86 30 26 16 78 74 50 37 22 83 0 16 60 88 88 72 98 24 24 65 59 58 49 90 54 12 44 63 74 97 94 92 81 58 78 23 3 0 38 28 85 23 96
17: 6 29 1 99 17 40 45 34 17 17 27 16 63 65 77 33 92 9 43 24 45 11 24 29 99 65 90 2 67 41 65 85 18 43 24 63 78
18: 80 87 38 37 65 73 21 90 59 25 65 13 68 15 91 70 1 33 67 7 48 81 46 75 12 73 98 0 84 90 62 15 73 59 61 28 18 19 68 85 98 44 11 3
19: 71 43 80 41 72 57 72 59 79 91 84 7 89 81 26 17 41 79 35 70 9 48 7 50 41 70 96 84 75 51 18 32 83 71 69 38 27 17 46 27 91 81 58 88
20: 2 90 48 2 65 15 27 27 43 53 71 90 44 6 45 36 1 28 58 79 35 96 11 66 35 87 32 54 86 57 60 24 25 70 37 86 81 5 43 25 37 41 1 78 16 46
21: 22 83 96 64 93 75 55 26 4 85 58 86 1 92 60 2 45 33 19 82 33 22 61 45 27 27 6 25 97 2 19 37 18 46 55 98 60 73 16 87 91 36 37 28 95 83 67 80 37 44
22: 38 29 68 17 98 46 74 31 66 13 12 12 95 40 98 23 55 50 79 39 59 86 71 76 57 36 3 68 56 10 36 79 19 61 86 45 45 77 27 98 37 92 60 35 45 69 40 82 74 5 18
23: 2 79 32 31 18 50 64 59 37 79 58 90 25 43 26 90 61 22 53 18 66 27 32 37 99 52 29 87 42 67 50 37 32 43 74 5 1 64 83 99 69 12 14 96 52 76 22 55 38 44 87 45 98 15 41 15 90 13 32
24: 54 34 23 19 88 77 17 49 18 74 93 97 94 54 66 7 20 7 11 31 52 74 44 18 46 92 99 78 83 79 34 41 18 76 81 49 57 17 84 86 78 41 21 46 44 1 64 15 44 26
25: 77 43 76 64 21 55 76 47 58 24 83 71 34 43 34 38 36 1 30 11 10 48 29 51 1 85 74 59 44 22 30 84 96 25 52 4 82 0 62 64 7 53 28 27 10 8 93
26: 17 10 11 85 11 66 96 10 62 22 89 61 2 19 95 53 25 82 20 63 6 3 70 36 42 78 47 1 48 37 43 63 98 86 97 62 93 83 22 87 16 40 90 86 25 55 17 96 31
27: 2 43 29 67 0 26 8 42 74 97 93 9 7 29 19 5 13 24 12 5 37 69 85 94 60 92 33 54 14 58 44 48 54 83 55 41 35 14 41 7 37 13 59 25 10 59 95 28 73 65 62 97 30 73 91
28: 23 93 27 0 79 34 51 34 52 14 19 81 59 46 32 59 9 43 78 42 11 79 62 38 46 21 48 55 60 78 16 90 39 30 79 94 28 22 0 73 48 41 19 88 91 61 45 29 84 13 51
29: 68 49 0 29 75 24 4 50 20 40 81 81 87 52 90 52 41 89 42 71 88 95 72 37 53 66 42 72 34 16 50 31 51 24 26 37 89 27 82 82 88 94 40 97 51 32 61 60 24 87 15 39 94 93 98 85 9 84 43 13
30: 14 92 49 1 24 44 28 17 23 98 75 31 52 55 42 56 9 94 82 73 38 6 53 82 45 65 18 49 5 27 22 57 51 14 20 31 76 28 31
31: 92 40 30 6 68 82 58 52 95 47 89 69 38 40 6 42 80 61 78 19 78 89 14 4 55 21 60 35 70 65 5 76 39 41 86 65 77 64 53 50 1 31
32: 69 5 96 12 50 56 56 35 52 87 96 47 89 5 84 36 19 85 78 89 37 58 41 92 56 12 75 66 85 72 48 65 51 81 83 17 13 35 49 78 19 62 76 42 49 74 67 79 34
33: 69 11 58 25 91 79 23 75 22 37 55 37 85 86 46 85 9 40 85 38 0 78 59 54 23 5 93 31 57 68 40 37 56 30 51 35 70 29 35 3 40 0 51 73 82 44 90 5 59 27 12 68 48 56
34: 72 14 54 5 37 56 93 3 8 4 77 40 71 43 50 85 53 40 12 53 75 29 50 60 72 52 16 99 1 70 77 70 47 31 49 33 21 0 20 6 55 66 31 13 95 36 88 1 77 98 15 27 52
35: 67 65 10 76 43 80 87 26 81 45 58 27 60 63 89 35 28 35 90 98 85 9 24 17 60 0 16 37 49 28 93 12 87 53 92 30 21 32 16 12 60 64 58 28 25 90
36: 36 37 14 97 55 25 58 59 34 78 57 91 77 57 4 84 55 92 78 38 81 63 52 25 46 2 65 20 25 95 43 19 69 43
37: 66 9 43 11 38 13 30 43 50 17 6 16 33 15 16 95 0 76 48 72 98 35 1 37 53 35 50 27 18 95 43 70 66 94 53 69
38: 23 53 82 37 92 51 79 44 28 88 70 76 97 70 60 71 69 12 32 12 10 67 81 6 17 74 65 78 45 63 23 15 45 54 62 75 4 56 41 15 24 25 96 6 82 24 84 17 91 84 13 9 56 31
39: 53 3 3 12 28 93 68 15 38 74 86 8 36 83 8 9 28 1 66 21 35 85 94 80 78 39 67 22 83 52 5 38 8 35 26 48 13 27 88 77 99 1 7 65 35
40: 11 44 13 64 45 15 60 74 66 11 31 75 79 79 9 18 82 42 50 34 97 60 66 79 27 40 89 43 68 68 23 25 88 27 31 89 1 3 27 86 66 64 27 38 3 36 89 1 88 36 31
41: 23 55 29 14 25 15 45 18 89 54 31 51 87 58 91 29 98 36 21 35 41 30 16 48 45 65 38 31 64 26 50 75 19 85 67 9 4 99 4 67 17 15 31 26 70 23 9 86 93 64 60 25 14 56 55 65
42: 44 22 54 19 8 75 77 21 53 63 69 94 8 2 42 7 28 64 76 95 4 24 88 67 80 44 54 18 30 38 50 39 24 29 68 8 12 43 65 87 97
43: 96 47 30 29 93 22 40 31 4 76 41 88 22 95 41 56 24 33 58 74 24 29 63 31 47 4 34 2 19 67 66 88 37 55 56 72 48 48 27 47 0 90 14 41 31 6 33
44: 96 65 40 86 63 72 91 49 61 88 31 56 36 61 83 7 23 36 54 59 45 62 42 6 88 42 3 25 36 92 49 70 33 21 52 31 99 67 44 26 4 9 49 44 44 15 91
45: 13 53 8 8 73 21 97 10 5 80 78 94 64 40 31 51 78 65 3 61 81 6 79 2 92 67 52 26 66 20 28 35 93 12 43 49 29 28 75 84 29 1 68 99 96 9 62 27 30 58 0 17 67 30
46: 62 14 88 77 76 74 87 91 56 88 37 86 25 93 9 62 56 32 25 69 90 62 60 44 64 57 32 82 59 12 32 98 88 99 74 81 59 68 78 20 80
47: 53 4 84 62 77 45 8 94 2 52 69 49 46 93 15 70 46 49 85 84 28 42 40 56 5 96 21 46 46 3 58 81 6 93 48 55 99 13 21 58 30 62 7 5 50 27 23 2 19 65 68 55 47 3
48: 75 81 71 23 82 91 82 23 28 23 51 18 98 73 79 27 39 95 50 37 93 19 53 77 36 70 55 4 65 3 35 47 79 10 13 84 32 42 92 68 75 59 6 0 26 26 29 26 46 54 60 79 11 66 40
49: 41 93 86 67 35 92 15 78 24 33 2 36 54 88 5 5 12 79 96 35 94 64 42 39 58 33 0 76 37 22 77 12 77 67 94 5 90 47 45 51 46 19 28 20 6 34 38 90 58 94 17 75
50: 73 40 60 23 62 15 43 28 14 7 58 82 26 97 86 5 75 44 60 93 32 79 16 32 63 93 32 57 16 80 93 46 26 41 82 30 44 70 58 39 60 88 91 93
51: 21 62 16 74 87 16 15 70 80 75 38 75 53 76 40 37 19 71 18 8 31 94 66 97 95 51 88 7 10 36 69 81 62 91 51 23 82 10 0 20 96 43 77 5 27 16 64 51
52: 0 36 8 54 69 82 47 36 30 58 93 54 75 31 51 1 50 79 92 46 59 18 24 22 54 35 62 99 70 12 4 70 11 0 30 97 57 5 55 41 67 56 57 75 71 71 53
53: 39 12 16 74 22 81 36 33 63 5 9 71 93 5 36 76 97 68 8 26 57 79 91 71 49 20 24 95 60 48 81 7 1 23 30 13 65 70 9 53 46 55
54: 21 3 85 98 81 69 22 4 61 88 47 66 35 80 13 96 23 93 72 59 87 93 72 58 17 12 32 69 1 9 0 22 52 35 78 87 40 92 54 1 2 85 64 30 63
55: 28 34 85 53 42 18 15 61 75 60 91 83 97 47 93 34 17 58 2 87 41 63 17 68 89 28 55 42 81 74 48 7 5 90 93 59 32 61 66 5 55 10 97 5 96 15 96 2 79 11
56: 21 72 61 48 90 90 7 2 8 32 88 70 5 10 77 28 21 7 96 72 13 62 48 20 90 40 80 67 71 2 85 98 39 85 77 9 48 36 92 86 33 84 56 65 5 88 88 35 42 33
57: 72 58 32 70 26 37 40 98 33 41 83 81 5 17 48 96 47 68 70 2 58 90 86 95 61 5 70 37 40 72 12 3 0 77 88 68 57 86 19 80 85 12 80 59 47 21 71 7 39 96
58: 46 64 35 54 50 22 2 45 26 13 77 79 89 9 29 43 41 30 76 26 90 88 36 18 49 43 25 83 6 85 94 80 24 72 21 3 38 94 16 80 36 52 11 6 19 37 88 5 71 87 81 32 82 76 40 99 97 73 11 0 75
59: 92 33 92 70 57 8 18 89 69 45 93 21 0 78 49 0 71 31 13 18 28 69 66 52 87 82 9 52 50 42 32 84 88 20 83 83 48 62 24 95 67 98 30 50 89 64
60: 18 13 96 2 57 21 83 30 53 98 61 93 19 0 22 75 5 1 45 1 98 98 18 46 64 49 33 91 48 38 73 82 69 80 16 78 57 25 12 64 87 14 84
61: 35 95 96 89 59 72 63 56 78 93 56 90 18 46 62 12 69 85 60 34 47 47 60 7 3 44 39 55 17 96 70 95 32 65 52 46 32 72 69 60 21 42 9 68 50 20 83 77 34 1 8 90 25 10 19 47
62: 23 84 11 19 33 21 23 61 85 80 43 19 2 20 7 24 17 72 29 6 14 27 76 21 54 37 29 36 32 65 96 65 34 82 87 6 80 91 91 46 58 20 8 25 50
63: 13 40 7 6 10 1 49 28 75 16 59 28 1 21 35 52 77 60 4 28 8 13 24 53 23 59 49 25 30 20 48 78 0 17 27 77 27 79 60 98 48 38 46 12 48 0 30 91
64: 19 13 3 17 21 40 9 57 91 74 2 69 1 75 23 74 3 83 11 5 66 62 39 85 64 4 26 18 75 37 16 40 3 4 42 37 34 15 9 23 99 48 97 0 3
65: 59 28 5 38 93 13 14 72 53 1 21 89 1 26 72 60 67 96 23 39 16 91 80 46 78 8 62 71 52 34 14 12 29 32 70 18 90 3 28 45 56 23 50 18 54 30 52 75 62 82 75 62 6 0 65 5 85 97 37 11 45
66: 44 78 44 59 93 96 41 60 53 87 22 33 87 38 79 17 41 57 75 58 56 88 30 92 50 16 72 90 29 81 90 14 22 18 3 33 5 71 38 35 27 99 68 58 63 49 6 69 78 73 67 61 74 55 65 94 60 87 29 9 92
67: 85 36 53 36 8 13 22 87 69 25 89 56 49 16 48 76 28 85 10 51 53 55 33 15 92 12 0 17 21 28 65 12 62 54 69 73 19 45 46 66 3 45 39 50 14 35 37 28 75 94 83 36
68: 92 18 81 58 68 11 15 17 22 27 77 66 24 33 41 27 41 38 23 97 54 73 44 88 74 26 52 94 89 84 85 41 17 65 85 27 48 25 83 46 74 19 34 74 73 96 47 64 16 99 85
69: 61 32 15 78 37 58 38 30 43 44 54 30 8 91 20 15 93 9 97 81 56 78 54 49 62 23 93 31 82 35 4 72 39 7 34 81 91 82 43 13 86 36 81 34 8 8
70: 87 63 35 26 87 1 5 8 41 75 5 83 22 76 24 39 29 85 84 45 36 15 12 20 47 68 59 11 75 49 83 43 90 45 21 53 38 42 19 95 89 83 39 88 97 76 61 20 66 47 19 49 38 96 59 26
71: 86 11 69 89 33 97 68 11 87 60 80 71 77 70 27 86 68 44 42 13 58 41 27 87 42 76 56 92 82 44 42 49 45 25 22 6 68 22 37 8 86 21 14 42 5 11 38 93 37 6 85 90 2 31 37
72: 61 57 18 52 26 49 72 80 0 93 64 75 2 34 60 48 82 50 68 63 57 14 19 28 79 52 8 94 28 83 15 89 84 21 61 68 52 36 90 76 2 38 93 67 52 43 30 49 7 50 53
73: 40 24 52 89 22 61 97 70 41 34 80 66 81 69 84 80 77 81 61 34 86 15 37 40 65 6 43 61 79 89 48 91 54 33 6 16 65 15 69 44 43 23 88 53 47 34
74: 72 70 25 1 80 9 72 47 22 59 50 20 20 19 72 63 49 93 12 84 49 14 55 76 52 84 95 38 87 33 85 91 74 38 2 36 52 45 60 0 87 77 81 88 87 88 41 42 44 91 49 48 92 89
75: 59 45 62 15 86 82 56 98 24 0 4 10 43 36 54 26 60 17 36 69 71 90 9 24 41 20 3 39 21 50 30 82 75 89 89 46 35 13 17 70 43 32
76: 92 43 83 20 90 53 55 58 23 78 54 43 64 17 1 47 94 58 72 54 67 24 40 12 4 45 97 99 31 57 15 68 86 0 74 11 40 50 60 96 85
77: 73 24 15 70 73 48 37 16 71 89 98 17 37 14 91 30 74 85 75 52 93 53 13 50 5 98 23 23 54 90 75 76 78 58 81 93 33 95 94 1 66 84 59 54 23 42 73
78: 65 52 69 93 89 31 79 78 50 48 17 79 24 91 85 42 23 87 79 99 94 40 85 64 56 77 38 66 55 58 87 43 93 27 30 73 8 97 37 39 90 63 89 66 27 14 42
79: 90 10 38 10 71 21 68 93 79 95 53 35 38 43 69 41 76 18 13 88 8 13 61 2 24 37 7 25 83 54 23 51 0 98 81 37 46 38 15 69 72 96 94
80: 13 18 16 98 26 31 80 40 35 75 40 95 44 45 16 0 98 8 18 71 15 77 58 16 67 93 69 69 61 20 85 90 99 5 64 34 53 17 41 30 83 31 83 23 55 25 8 74 57 53
81: 89 3 3 88 4 65 90 57 21 47 93 72 52 30 3 99 3 87 28 0 18 46 2 32 79 44 26 23 51 95 95 74 70 43 39 23 98 33 68 98 63 18 53 75 88 51 52 29 65 2 16
82: 55 81 18 78 49 7 10 47 8 60 3 25 69 67 71 38 53 40 6 66 21 36 67 29 39 24 43 6 33 83 36 28 93 96 75 6 48 41 0 82 60 25 76 82 11 69 90 21 32 8 89 71 84 49 29
83: 11 50 13 35 28 16 20 67 61 85 25 62 60 40 18 51 56 64 65 17 98 88 86 58 31 45 92 0 89 20 10 69 97 91 39 9 32 38 73 46 33 27 37 41 48 73 33 53 53 15 11 14 91 44 24 77
84: 18 5 75 78 40 69 68 87 92 44 9 4 39 51 78 24 52 54 99 24 47 59 49 29 12 23 45 72 57 23 53 82 89 5 29 88 77 51 37 14 73 31 17 21 33 38 15 10 9 68 9 20 35 28 89 93 6 26 55 38 69 21 81
85: 82 88 2 56 89 74 52 16 38 86 18 73 0 34 48 99 25 41 64 22 13 52 39 26 13 74 62 79 16 14 86 37 55 2 33 15 63 45 8 78 39 90 2 86 3 89 3 50
86: 75 64 65 98 90 21 19 77 42 33 44 55 88 51 51 55 87 4 44 34 69 68 88 24 81 11 37 19 16 30 3 29 19 19 71 66 56 25 62 95 35 74 60 6 95 37 43 34 11 25 86 75 63 61 35 5 28
87: 60 77 1 70 81 70 99 5 99 26 90 64 40 21 55 12 24 62 20 8 32 40 93 23 63 64 95 64 88 71 35 93 84 31 27 70 7 73 88 17 78 29 57 14
88: 56 1 85 43 46 82 77 53 9 55 81 35 63 66 70 19 16 82 38 69 67 19 38 94 55 23 64 39 61 49 64 39 29 21 93 77 85 75 86 51 47 68 61 54 72 44
89: 75 55 76 90 22 13 19 5 59 50 47 55 38 5 47 78 31 40 56 88 46 39 63 24 86 71 58 37 23 51 20 84 65 58 63 92 98 95 16 88 13 1 65 32 94 68 7 42 25 33
90: 97 49 23 97 63 71 99 35 88 62 39 76 62 38 2 10 27 50 56 34 42 13 73 17 99 93 77 34 67 52 95 17 32 33 76 59 25 89 46 69 86 84 48 15 39 25 4 91 67 16 72 52 84 69 12 35 43 61 53 99 36 93 8 67 63 68 29 33 89 47 40 30 71 6 35
91: 15 2 95 96 69 61 56 89 83 21 34 59 32 61 90 71 60 69 66 88 41 70 60 82 45 69 93 66 39 93 74 28 1 97 59 52 25 48 38 76 6 24 11 33 33 60 68 99 40 52 62 40
92: 38 25 24 85 37 61 87 33 82 10 71 98 93 39 70 64 11 92 23 93 44 98 13 40 4 25 99 50 48 70 16 30 35 24 32 18 0 54 10 65 43 43 22 31 59 20 52 21 48 10 48 10 46 21 66 92
93: 25 51 76 65 15 86 96 34 52 20 91 6 85 40 90 30 96 4 64 6 43 66 92 65 30 35 67 39 72 5 49 38 85 73 82 96 27 58 5 77 30 7 99 20 88 54 77 60 99 58 73 46 53 21 3 96 91 94
94: 95 58 56 76 8 80 29 30 54 37 5 33 46 84 77 83 16 1 84 42 76 8 46 61 50 49 19 46 38 32 87 0 4 28 45 27 59 18 60
95: 97 69 68 94 69 96 78 25 65 3 41 60 35 6 41 84 66 17 62 37 71 16 42 22 93 80 88 95 22 45 25 58 1 6 18 20 9 4 21 9 42 47 11 52 52 20 83 67 87 38 85 28
96: 98 87 37 85 84 48 62 60 25 33 53 62 50 39 55 9 17 76 33 33 48 15 11 81 83 4 46 69 73 41 81 83 59 4 49 42 72 31 14 50 96 6 4 73 22 82 98 26 27 59 42 84
97: 18 49 18 28 43 85 26 65 20 18 9 51 83 87 51 8 1 24 51 35 5 97 99 17 79 45 96 62 95 56 11 54 52 92 25 70 99 66 66 9 25 62 37 27 93 50 22 97 72 29 53 18
98: 9 22 79 73 9 86 58 74 83 98 89 5 24 86 14 25 79 85 22 47 96 26 16 56 80 4 8 58 73 75 40 27 51 57 78 82 44 55 15 46 28
99: 57 27 52 37 36 84 55 20 5 88 4 23 74 45 32 44 97 90 20 67 75 55 19 22 22 61 32 36 20 35 31 35 75 63 80 53 51 54 89 35 82 25 99 48 16 30 41 3 42 37 62 76 61 1 70 67 98 98 25 97 70 15 98 37 61 23 22 27 66 70
