0: 28 97 93 98 57 29 79 61 80 62 28 22 21 94 67 25 53 65 8 51 30 23 97 85 44 94 4 7 21 53 25 92 4 97 51 83 65 84 98 86 65 8 29 41 30 0 3 81 64 15 19 35 39 61 14 47 58 61 83 5
1: 69 13 87 87 43 94 63 27 91 70 49 39 4 26 28 50 29 45 83 85 55 19 4 26 21 94 57 76 95 45 6 36 85 74 44 83 15 74 34 30 4 92 61 49 5 35 13 12 33 99
2: 91 48 88 20 20 89 99 35 90 75 31 75 94 25 73 77 91 98 34 69 58 27 61 77 59 51 2 93 67 91 98 80 4 19 61 17 11 51 37 53 8 89 12 28 91 97 10 74 58 91 85 48 28
3: 70 55 99 55 3 32 88 99 97 51 39 54 47 41 67 10 22 9 87 10 81 45 56 54 49 30 24 40 98 15 20 40 64 61 55 69 13 54 38 37 16 8 34 93 94
4: 62 18 77 16 69 12 18 59 93 40 56 90 84 29 29 76 4 59 18 93 90 62 97 10 16 76 80 62 55 99 60 47 12 78 20 99 3 18 78 1 59 4 0 97 29 35 27 87 74 17 73 10 43 65 88 74 30 31 80 89 65 20 47 1 63 6 69 97 77
5: 39 94 65 94 38 59 0 84 39 31 20 64 72 92 75 70 33 87 42 76 53 40 41 36 10 44 82 56 37 61 23 18 77 42 20 28 9 68 36 23 64 84 74 93 74
6: 7 4 19 13 52 31 88 61 11 23 90 50 76 72 40 34 98 72 99 25 92 65 55 16 36 95 95 24 99 93 10 66 31 91 64 64 65 47 78 51 53 51 54 60 26
7: 18 89 56 36 11 12 28 89 6 63 76 64 36 19 4 67 46 35 89 23 51 48 29 13 82 1 38 95 66 90 97 33 91 33 31 42 87 29 41 28 97 23 32 44 89 76 26 67 31 37 68 19 26 18 84 67 34 47 45 12
8: 6 52 74 41 41 59 94 58 76 62 34 80 63 77 69 15 88 32 73 26 86 0 49 76 27 18 49 45 27 73 48 60 21 5 56 55 83 46 21 26 51 24 75 15 73 41 72 19 39 48 42 35 34 49 47 1 85
9: 68 89 8 88 64 15 95 46 53 63 50 64 22 35 19 25 40 5 78 37 20 86 19 64 11 66 45 76 89 52 13 47 42 1 1 39 21 75 2 98 0 64 70 36 16 72 63 91 73 72 61 67 87 31
10: 68 65 42 68 19 79 64 95 96 34 38 74 64 85 5 42 8 48 26 38 75 29 5 75 90 90 33 18 63 22 78 8 69
11: 8 21 37 4 55 59 66 25 1 43 73 37 86 30 79 83 91 83 68 17 32 98 52 72 12 87 30 40 32 59 92 53 15 20 77 84 10 28 6 73 88 74 15
12: 46 21 97 24 40 70 41 31 51 74 74 46 87 8 90 34 76 3 86 10 47 90 30 97 87 71 38 91 7 97 39 7 64 59 55 71
13: 36 46 3 80 49 54 31 93 31 8 6 18 74 1 5 52 33 18 52 68 67 2 29 32 37 44 16 70 75 48 56 12 7 92 86 9 7 67 3 91 56 96 9 74 83 25 62 31 47 57 7 44 98 29 32 57 51 50 83 70 75 85 70 74
14: 62 31 13 41 98 87 78 53 50 51 64 82 99 39 99 21 42 42 20 85 13 71 55 58 62 75 67 88 25 64 61 65 17 5 23 95 46 39 17 61 32 72 48 37 31 58 99 34 52 37 2 56 22 12
15: 87 60 37 52 17 99 48 16 66 4 56 56 71 35 62 43 59 10 50 98 40 36 28 60 92 23 91 72 81 79 93 22 24 43 98 95 14 11 42 86 52 19 71 22 71 81 67 25 3 34 84 86
16: 10 58 56 15 64 47 55 81 18 94 61 91 62 75 35 2 19 45 74 3 99 23 53 87 8 59 60 88 31 60 30 54 84 40 70 90 57 96 15 54 92 20 36 78 19 33 89 44 69 40 66 88 99 26 57 70 42 52 34
17: 47 2 3 12 85 9 68 55 60 65 70 95 94 19 35 22 23 99 11 44 94 81 1 88 32 73 29 25 53 0 54 93 15 37 45 73 49 56 0 60 62 16 81 88 68 21 95 16 89 54
18: 49 38 44 28 5 64 0 68 87 13 54 6 79 6 14 61 28 5 52 17 90 3 17 51 49 19 60 22 76 17 24 83 0 12 9 18 85 44 65 22 91 18 91 75
19: 80 43 26 34 98 21 66 10 13 99 55 19 73 82 42 52 62 47 72 81 10 89 32 76 28 16 85 95 32 46 29 89 79 81 3 44 17 50 83 0 73 76 24 89 67 2 76 99 31
20: 90 2 9 6 91 12 67 3 88 38 77 37 74 84 73 11 51 51 66 86 45 48 40 89 71 32 55 95 81 97 16 97 94 75 65 89 1 7 41
21: 87 80 72 39 88 11 79 91 25 55 89 80 85 45 65 45 79 97 65 63 39 71 11 81 2 34 66 80 5 49 71 68 69 52 73 31 40 13 42 80
22: 25 73 87 16 25 6 85 98 34 22 54 9 44 82 79 4 55 48 69 21 87 30 5 71 95 44 59 67 31 84 0 28 88 51 53 72 70 45 57 91 90 5 2 78 0 88 31 77 82 92 24 20 51 70 56 77 91 68
23: 72 46 76 37 91 97 78 51 34 62 36 11 20 57 30 41 18 17 39 93 40 64 12 0 22 1 7 78 88 18 46 65 8 20 9 19 30 45 92 10 65 0 93 76 93 22 96 50 66 80
24: 56 38 56 92 18 29 42 98 1 71 81 40 66 51 33 29 3 35 78 68 20 99 76 54 63 14 56 82 19 15 49 3 28 77 18 12 39 50 82 45 38 48 29 16 16 25 19 16 86 58 58 95 5 70 86
25: 5 61 40 84 72 75 7 70 68 4 50 74 2 4 99 97 20 96 69 15 28 84 78 89 7 75 65 42 25 42 59 53 20 41 34 91 0 9 79 74 81 15 3 87 26 58 57 43 26 98 99 26 83 84
26: 52 48 45 3 49 58 68 46 0 62 49 87 64 47 73 13 72 25 96 7 44 77 36 47 81 70 76 64 30 58 60 74 40 96 53 98 86 13 96 18 57 1 75 44 27 87 29 21 80 85 48 88
27: 50 5 25 81 26 11 5 56 57 35 56 76 73 96 16 44 87 54 95 7 17 25 95 95 21 48 96 92 60 24 77 68 1 71 39 95 69 41 67 41 21 61 2
28: 53 31 45 94 30 29 63 74 55 59 35 15 57 54 35 68 41 30 7 51 98 18 61 81 29 45 58 46 36 27 88 18 46 63 53 0 41 26 81 38 17 63 66 75 23 61 10 51 49 56 68 74 85 33 38 52 9 1 84
29: 61 93 6 48 71 29 67 64 33 79 34 3 60 46 76 54 14 96 9 48 28 44 74 72 6 2 99 93 47 27 15 84 83 33 53 82 3 66 35 88
30: 11 38 30 79 46 65 90 57 66 37 94 24 50 77 49 99 21 39 35 68 3 33 1 58 47 57 82 34 13 61 95 77 40 35 65 1 74 61 81 27 84
31: 16 61 43 79 41 70 90 46 70 10 3 3 77 99 38 99 23 35 61 48 23 62 86 97 58 27 99 48 77 84 82 59 79 94 73 10 64 85 90 30 62 63 2
32: 1 25 79 9 58 3 48 58 70 16 85 15 85 99 43 24 49 26 1 65 47 46 72 61 75 56 80 52 5 47 61 75 84 92 56 46 75 33 95 28 54 97 29 86 5 3 88 68
33: 72 26 54 62 54 60 0 97 19 53 95 52 44 35 14 92 93 94 79 9 22 39 41 83 48 64 52 16 67 8 22 59 95 5 62 16 29 85 69 51
34: 20 27 74 44 6 15 51 82 62 42 96 32 47 17 86 6 31 98 54 67 78 54 94 68 84 1 50 28 53 3 35 92 95 56 52 60 46 36 85 81 40 18 92 26 61 66 48 87 64 25 10 35 33 16 97 7 88 67 16 88 59 82 61 29 97 51 39 67
35: 16 11 90 85 97 4 96 67 2 52 76 56 7 80 40 25 83 47 16 68 70 80 45 58 89 48 17 89 22 32 30 27 82 36 10 15 42 31 33 77 54 19 19 14 15 79 78 89 40 94
36: 60 36 61 67 47 95 61 70 26 51 26 54 2 60 64 12 58 0 37 47 40 73 50 73 2 48 99 10 70 46 8 13 23 78 78 3 77 43 28 3 83 91 51 19 91 95 65 50 94 86 73 91 47 92
37: 19 59 55 31 21 22 34 12 55 69 57 12 30 97 91 97 70 90 20 78 7 10 76 12 74 91 65 72 77 61 24 80 52 17 8 23 57 93 69 15 30 27 95 31 79 80 72
38: 89 98 18 88 74 16 44 76 7 69 81 96 32 46 41 29 28 16 64 73 39 14 3 76 34 42 14 36 26 35 86 11 23 1 77 30 15 28 70 93 97 21 69
39: 40 81 29 46 90 9 9 10 27 28 4 91 35 18 95 80 78 76 73 66 59 76 71 55 48 90 77 78 6 7 19 53 12 75 92 43 81 46 8 40 92 56 61 20 85 5 94 9 45 66 14 50
40: 45 13 59 12 31 10 91 57 82 40 77 97 60 34 39 47 75 25 96 20 88 68 73 57 82 3 19 64 23 63 72 32 71 31 82 8 25 5 8 14 88 80 35 70 1 6
41: 2 61 23 49 61 39 81 42 22 53 79 60 34 23 40 32 13 69 77 2 63 66 9 70 96 13 1 34 70 78 7 65 14 87 4 75 5 97 99 41 64 83 0 24 51 58 40 5 46 52 69
42: 79 10 19 99 82 3 91 86 59 9 52 96 16 88 24 54 42 15 3 57 90 57 23 83 66 4 66 19 92 26 14 13 59 51 96 93 83 26 87 91 5 67 96 9 36 49 89 20 34
43: 14 2 45 7 68 19 82 56 23 59 64 90 76 50 82 62 94 87 77 69 37 69 98 59 79 90 51 69 29 60 55 70 93 24 16 70 45 37 35 0 38 33 9 24 16 52 84 48 80 45 71 74 72 42 18
44: 65 5 37 63 75 20 50 10 18 28 12 6 83 11 59 59 44 63 65 15 85 46 66 65 25 11 80 87 68 29 60 20 19 88 16 48 18 89 82 62 74 45 46 35 44 7 12 39 17 51 7 73 52 60 19 1 25 34
45: 90 70 41 46 64 25 49 13 52 28 25 70 40 30 97 7 99 72 93 50 1 66 65 92 9 8 62 70 78 62 29 17 33 81 16 57 64 57 94 80 68 24 59 70 6 97 29 27 28 51
46: 56 89 60 89 53 46 63 50 32 23 35 74 74 5 47 23 68 63 52 60 73 44 46 96 51 48 49 23 74 17 72 28 47 93 85 27 98 74 20 81 90 56 99 25 12 6 64 23 15
47: 6 19 81 44 95 61 18 73 46 87 68 38 3 56 42 52 19 29 78 99 39 19 22 19 5 14 52 78 54 47 15 48 57 81 74 50 73 46 50 10 96 43 57 57 87 80 81 93 20
48: 30 15 51 23 64 56 35 45 56 10 58 61 65 61 1 35 16 31 36 99 4 3 29 92 33 91 84 1 32 0 39 24 99 75 8 1 68 2 21 81 34 80 10 59 14 14 88 26 54 88 20 63 84 64 89 6 38
49: 97 0 26 51 70 6 81 7 55 15 23 29 65 36 27 56 23 58 75 43 14 55 20 41 89 3 31 30 74 77 56 2 24 89 8 69 46 62 83 92 4 61 43 66 47 11 48 19 93 12 10 11 17 41 84 18 92 37
50: 3 52 90 21 4 36 6 38 85 28 34 46 62 67 24 72 59 14 98 99 69 59 62 56 76 15 19 28 39 69 17 67 6 59 47 77 14 62 42 32 78 75 33 90 85 93 22
51: 73 54 28 87 87 4 22 64 3 86 10 17 85 75 71 29 83 75 84 52 21 39 52 21 21 25 17 16 78 34 47 84 54 61 5 3 36 35 17 56 93 3 40 90
52: 83 21 96 77 27 41 46 19 90 45 24 43 0 5 93 81 12 75 54 82 85 91 19 57 3 83 17 10 17 10 60 83 37 59 87 93 19 13 16 62 31 45 44 35 64 89 76 74 60 91 5 42 6 82 13 82 10 33 96 20 35
53: 35 28 59 50 74 76 17 80 68 20 50 15 5 85 5 40 86 53 84 64 31 30 67 52 14 47 7 53 92 92 77 85 45 50 93 1 90 15 72 13 21 76 56 12 97 15 74 41 84 11 29 15 11 60
54: 26 72 48 17 1 97 85 3 23 93 88 79 22 55 11 27 93 12 35 67 63 79 2 55 51 77 94 95 44 41 17 81 96 70 43 70 93 24 81 17 32 43 41 18 96 57 27 18 47 95 76 60 10 28 18
55: 77 74 84 71 19 87 45 39 27 92 96 32 28 83 55 17 34 15 31 3 24 43 71 24 75 28 38 97 73 61 24 84 31 34 33 57 93 90 14 9 34 13 16 24 95 54 79 99 20 28 64 89 81 79 52 17 20 74
56: 1 3 98 43 17 70 4 83 40 15 59 56 84 61 82 71 13 47 9 72 1 6 36 12 59 36 95 60 84 24 31 22 65 49 10 61 71 30 59 93 48 7 62 11 16 73 48 15 53 73 34 44 38 62 82 32 15 7 43 9 59 55
57: 21 40 93 85 80 41 18 2 96 65 49 30 69 70 73 39 34 5 76 68 46 85 82 55 34 23 2 56 84 67 56 89 17 89 49
58: 43 81 14 84 12 98 4 47 16 79 22 27 83 57 87 7 0 83 98 50 41 83 79 99 19 19 2 50 49 97 46 48 71 25 7 75 77 63 98 76 48 95 27 12 71
59: 60 86 72 40 57 61 62 40 27 56 80 88 38 37 21 37 15 55 56 61 19 30 56 64 80 86 81 43 27 47 90 94 84 68 27 97 6 47 60 77 9 72 39 27 59
60: 14 8 29 99 63 67 77 16 95 62 59 93 68 10 98 25 1 28 13 15 97 84 54 81 11 47 16 80 13 12 96 83 37 26 83 29 51 13 82 45 68 90 90 95 93 15
61: 10 81 10 41 87 28 61 84 26 78 18 78 98 49 51 78 60 9 97 93 14 21 32 38 55 4 3 96 55 7 54 99 78 72 92 96 37 75 43 27 92 66 34 60 42 63
62: 45 67 82 83 92 63 80 49 82 15 26 18 92 97 98 71 8 55 93 36 18 29 36 45 65 31 71 52 86 79 33 30 10 44 28 39 88 33 76 23 30 76 12
63: 13 66 55 97 76 55 64 64 45 8 17 83 38 19 13 94 86 79 82 40 53 54 2 8 62 67 57 26 11 95 63 2 91 92 49 48 77 15 33 43
64: 35 95 22 54 15 10 33 74 47 67 65 38 68 3 35 61 34 96 20 90 52 2 29 95 25 21 9 43 49 60 64 47 16 71 27 93 36 46 69 1 94 60 7 88 87 63 68
65: 30 26 81 29 86 88 72 21 86 27 5 43 11 83 87 92 81 96 53 14 20 28 3 72 60 25 47 4 76 79 79 3 68 29 46 52 0 9 32 1 49 16 33 80 49 6 56 39 34
66: 28 35 70 82 90 50 0 62 5 89 28 27 10 96 93 68 39 41 83 6 49 97 84 60 25 58 61 82 5 10 12 84 51 70 23 86 6
67: 56 38 63 30 98 25 10 2 81 11 79 21 6 5 76 40 95 55 35 99 57 78 79 49 52 29 80 15 60 43 30 89 48 47 68 87 26 9 55 6 40 90 47 77 26 90 16 45 71 34 29 68 24 41 53 62
68: 37 84 92 33 40 26 41 13 92 31 92 96 42 37 56 61 84 52 24 36 48 24 41 27 26 70 86 19 17 77 89 19 11 49 81 53 26 42 24 3 78 94 96 73 47 28 42 46 14 99 47 73 53 88 62 65 93
69: 33 39 99 52 68 98 59 45 89 22 61 64 55 57 57 64 83 10 28 22 84 89 79 31 61 52 35 92 19 89 64 8 67 9 32 31 26 15 66 6 74 2 35 71 24 85 4 30 90 74 96
70: 62 32 12 55 39 11 37 63 50 53 55 49 89 51 41 39 16 22 10 22 61 49 42 69 20 97 46 91 72 72 18 2 45 71 62 97 65 89 70 88 89 17 14 85 64 80 40 40 56
71: 80 0 87 60 68 71 52 63 94 88 52 62 0 2 23 1 42 94 52 48 95 73 31 8 34 67 48 82 60 1 4 76 98 45 81 31 3 18 95 84 55 39
72: 33 17 57 33 45 86 21 31 37 11 2 52 18 38 71 82 49 63 80 2 52 0 74 52 4 46 56 74 56 17 30 29 53 17 71 74 42 40 66 94 93 28 44 21 63 35 70 95 26 17 37 91
73: 0 20 0 59 31 8 52 89 64 79 24 20 1 53 41 68 97 74 41 51 9 33 4 83 1 31 63 85 58 23 46 55 50 82 84 38 97 72 65 53 94 28 63 98 39 6 3 70 94 49 61 2 19 80 45
74: 74 49 58 83 80 25 51 6 54 71 48 34 23 22 12 38 64 32 51 83 20 27 37 69 18 86 92 90 4 3 78 79 25 13 90 63 61 80 22 34 49 97 1 48 92 86 83 84 95
75: 77 15 61 74 67 54 25 22 40 32 62 81 3 55 23 70 55 70 34 26 69 41 85 80 27 4 14 4 58 21 87 27 88 34 33 86 64 86 30 76 78 6 40 62 67 44 78
76: 9 29 45 93 61 42 33 17 19 68 86 43 34 84 49 31 10 72 37 87 1 97 85 38 95 69 5 40 56 64 82 94 21
77: 56 51 46 0 61 81 10 78 3 25 88 88 12 33 23 54 86 58 28 71 67 19 63 97 21 47 94 98 85 47 3 22 25 4 83 58 92 51 82 50 47 16 45
78: 27 60 89 79 56 73 81 98 59 27 28 74 13 19 98 47 37 61 7 51 17 34 7 31 50 82 8 23 18 91 80 63 49 42 10 71 24 48 45 4 56 92 35 69 75 46 25 71 79 37 56 73 50 67 56
79: 94 73 21 58 0 17 88 91 94 73 7 24 31 92 1 92 51 12 56 11 24 5 86 96 22 32 28 40 41 3 38 49 15 93 71 37 2 81 51 52 31 46 12 46 93 31 57 74 32 88 82
80: 65 26 88 81 60 28 93 4 82 30 72 16 96 51 21 25 18 25 62 6 82 37 16 16 99 99 89 56 94 76 37 71 42 34 7 21 8 59 82 46 33 16 79 77 66 73 5 58 1 60
81: 80 6 71 19 90 10 33 59 60 22 41 68 58 81 60 48 12 21 89 78 49 81 1 38 9 33 64 30 21 6 73 45 40 76 33 77 5 43 94 87 36 49 92 89 78
82: 19 0 10 92 19 29 71 78 71 11 29 94 7 99 13 15 67 83 11 38 78 33 6 7 95 57 90 69 82 62 86 43 80 72 50 77 66 76 32 93 76 68 26 11
83: 21 46 94 13 81 61 68 49 90 52 91 10 60 57 29 31 97 26 3 83 90 29 28 33 97 85 41 21 92 85 78 99 24 94 16 38 51 37 57 85 29 20 93 1 76 70 81
84: 64 23 25 49 44 15 86 1 41 15 82 38 85 80 32 29 80 16 15 49 43 35 23 73 31 31 59 0 28 69 9 67 4 23 92 65 12 45 51 90 34 84 97 4 34 64 91 34 93 63 24 32
85: 89 71 95 20 0 21 81 85 59 75 51 16 51 42 83 54 39 67 84 62 77 98 48 58 53 57 10 22 52 27 93 52 4 36 90 91 30 69 75 25 95 30 5 31 40 16 55 18 66
86: 20 34 43 44 88 7 79 96 91 53 14 79 85 83 69 18 83 5 88 18 81 25 67 14 56 96 58 77 33 74 13 86 28 4 16 77 62 83 86 23 94 51 38 70 93 47 58 54 80 78 29 25 79 72 21 92 10 97 74 90
87: 77 75 7 2 1 94 0 55 21 97 77 41 30 93 87 63 61 8 45 21 36 30 86 37 30 64 77 23 62 80 63 14 71 9 43 15 56 79 76 9 31 71 3 62
88: 66 25 12 13 79 55 51 39 12 39 73 82 75 81 65 4 8 65 77 33 29 90 41 86 74 96 58 95 3 6 88 65 14 35 15 38 84 79 71 99 44 78 12
89: 90 53 92 70 96 50 32 71 97 98 17 25 44 66 77 71 97 7 70 9 17 65 62 4 95 10 34 91 35 6 89 12 22 70 0 28 58 46 74 72 62 91 7 44 70 1 76 9 18 80 33 63 97 16 30 64
90: 97 28 61 1 36 71 93 51 19 89 85 87 78 6 54 12 98 39 12 34 85 25 81 7 58 58 12 93 82 21 76 67 21 11 44 19 12 4 78 62 90 24 31 99
91: 42 47 66 3 24 71 91 61 11 44 58 18 97 49 59 65 79 45 93 70 40 69 13 21 99 70 67 71 29 25 6 48 42 97 84 98 6 38 54 62 41 82 53 3 37 79 48 4 80 23 42 92 30 41 88 83 64
92: 7 12 26 50 77 90 98 84 63 32 14 56 88 2 56 88 6 15 7 33 13 15 14 4 50 30 50 16 52 49 46 90 20 14 55 80 25 8 9
93: 3 94 57 16 23 74 96 42 91 27 47 47 63 4 24 63 42 75 0 54 71 45 16 28 29 63 11 38 22 96 85 43 96 62 45 64 24 58 70 48 80 25 72 92 83 56 12 55 15 95 63 73 7 3 9 35 18 19 49
94: 54 13 41 85 12 73 6 82 18 48 29 47 57 27 96 91 58 63 97 53 98 88 92 66 14 47 10 77 81 39 71 60 84 57 9 69 77 91 86 41 4 8 33 90 73 58 33
95: 60 54 71 21 22 66 73 99 75 78 70 26 97 23 85 64 14 6 18 51 32 87 0 22 50 53 9 35 48 33 3 88 80 40 71 23 97 65 39 95 97 91 68 56 39 97 98 62 72 5 57 67 10 46
96: 58 34 29 84 59 28 7 28 98 3 55 53 43 59 40 1 47 57 36 44 71 10 23 35 62 32 10 35 64 36 16 72 61 78 84 85 64 64 90 96 14 53 59
97: 61 41 88 98 5 92 54 91 36 40 73 87 63 3 15 71 6 15 78 90 38 77 99 57 42 5 31 47 68 72 56 92 33 86 86 25 83 51 69 62 65 52 48 53 71 99 49 6 96 64
98: 42 72 82 63 16 72 62 89 58 17 7 51 48 94 81 73 26 30 57 25 47 77 40 72 89 6 94 68 73 78 16 71 65 94 33 19 11 37 35 68 78 42 62 83 56 3 26 52 46 37 71 3
99: 33 9 34 42 63 74 62 80 19 46 4 91 42 65 36 67 77 81 43 9 62 73 26 59 18 12 72 87 98 37 32 79 36 7 77 32 96 89 34 49 8
