0: 56 60 80 17 94 14 97 5 49 65 38 66 89 3 10 36 16 7 89 80 89 9 21 31 26 51 93 68 69 18 89 82 22 23 85 84 25 48 58 18 58 1 11 16 97 64 21 56 92 87 66 86 11 30
1: 77 63 8 35 32 18 80 55 86 11 91 22 17 52 74 75 39 32 11 97 74 11 65 0 87 50 48 40 63 93 86 30 66 37 70 11 30 34 47 0 8
2: 29 58 46 54 7 13 11 46 23 41 59 51 55 91 61 21 73 63 95 4 78 54 78 18 58 37 50 87 5 1 99 72 66 16 78 11 5 63 26 95 71 7 12 94 77 73 91 2 93
3: 29 26 76 34 20 38 11 71 62 3 50 78 98 25 16 96 53 26 50 62 0 27 67 24 13 26 15 23 19 44 81 13 52 39 75 54 3 11 98 4 41 45 6 64 53 26 96 19 71 64 40 76 37 2 39 2 38 4
4: 84 33 12 62 86 11 35 63 31 62 48 4 41 2 7 77 52 72 40 33 55 78 48 55 21 42 51 9 16 50 32 99 27 65 31 66 95 7 55 30 27 52 59 67 21 89 80 44 98 7 1 84 5 16
5: 67 92 42 41 77 23 73 7 73 83 13 38 38 41 49 23 70 71 87 12 96 6 14 56 40 45 46 6 76 10 75 1 53 79 38 45 30 48 96 43 67 28 24 33
6: 19 82 58 37 85 37 38 0 29 53 50 12 51 71 70 90 47 17 78 42 31 0 6 46 31 4 13 38 61 55 46 0 67 26 48 48 53 39 39 4 83 60 11
7: 89 47 37 17 30 64 23 95 73 73 48 13 39 97 63 5 3 93 4 76 29 32 40 72 5 73 84 74 1 33 25 7 10 30 62 76 50 65 54 94 9 62 37 97 20 24 68 68 39 55 54
8: 67 95 49 33 33 14 68 80 2 9 4 52 18 47 91 52 51 26 5 96 82 55 20 88 19 93 15 40 94 12 26 64 0 98 9 60 38 43 99 1 23 65
9: 71 12 90 77 1 43 60 81 61 78 2 48 79 61 7 73 27 21 79 84 91 54 38 73 20 51 99 81 70 53 83 71 88 99 39 85 5 64 98 40 99 4 31 84 44 41 45
10: 79 13 88 87 16 77 47 0 1 18 97 70 74 4 19 10 95 46 88 41 52 58 78 27 81 36 92 76 55 60 24 54 59 32 58 16 90
11: 95 97 99 18 55 50 98 96 25 7 19 82 14 40 87 13 52 42 57 14 70 10 73 72 95 29 49 15 42 69 91 40 82 6 83 19 60 94 53 71 61 0 28 2 66 84 44 55 72 54 91 16 77
12: 37 83 81 37 11 84 50 25 24 21 38 15 98 24 42 83 85 1 0 41 35 21 95 77 53 4 5 77 8 93 96 55 71 37 75 22 11 2 6 62 37 99 79 55 74 72 71 0 75 83 42 19 34 54 89 62 57 42 31 93 63 52 26 12 83 15 53 15 74
13: 93 85 92 79 48 13 13 4 99 94 38 6 96 32 18 34 92 94 81 7 96 1 45 32 34 19 45 10 78 79 78 54 33 53 10 43 81 83 29 64 49 87 40 99 17
14: 37 16 50 28 22 30 56 72 47 1 4 30 36 32 14 72 52 74 49 48 28 14 74 18 34 80 44 69 75 2 68 0 47 80 93 29 45 28 56 45 52 86 44 0 60 22 95 70 52 30 21
15: 24 50 86 9 11 87 83 51 3 71 44 27 63 50 65 37 98 6 60 53 49 94 79 45 75 11 70 25 81 89 48 74 99 19 84 48 67 51 3 19 65 16 39 79 64 18 36 3 28 44 22 71 27 9 32 52 99 29 85 90
16: 8 22 8 21 41 64 17 12 40 72 71 68 80 86 79 53 72 87 40 1 97 52 64 41 9 73 93 69 51 39 98 85 1 96 22 45 59 62 88 3 61 9 11 15
17: 58 4 88 62 38 40 1 29 5 89 69 21 63 83 58 98 34 44 54 4 20 26 63 65 9 3 59 54 97 39 62 37 63 61 67 48 27 7 37 28 91 74 28 93 67 99 82 80 0 56 73 85
18: 53 61 21 96 88 76 51 9 25 23 55 34 5 12 17 61 23 78 52 4 90 84 10 12 50 92 30 79 87 9 85 53 53 89 70 92 34 94 72 33 12 41 62 73 27 2
19: 69 75 73 92 6 88 50 75 1 98 12 79 10 14 83 87 9 5 85 66 92 46 96 34 48 67 87 75 35 17 85 36 13 76 99 56 74
20: 73 55 88 89 64 33 76 48 90 3 8 79 81 16 53 4 84 79 93 90 4 17 94 96 17 18 3 63 25 93 25 6 7 93 42 36 41 35 14 27 79 33 67 82 75 97 47 26 17 22 94 85 48 8
21: 86 43 91 20 92 8 70 68 58 68 87 31 17 57 50 90 14 67 19 38 63 18 47 9 22 6 65 62 0 12 96 51 34 42 61 94 28 37 17 60 6 44 44 48 12 32 81 12 94 28 79 73 0 20 28 14 8
22: 40 0 83 54 34 27 91 3 60 55 34 26 30 36 33 26 10 52 4 63 7 47 66 86 91 11 99 88 36
23: 46 36 77 49 97 40 45 46 91 20 27 83 56 69 14 68 52 4 53 12 69 13 19 40 82 19 61 57 18 83 45 31 77 78 1 47 58 40 27 81 86 71
24: 20 39 32 31 85 11 43 88 42 32 37 70 31 68 56 7 86 4 93 90 55 62 61 86 46 68 87 70 58 79 26 86 83 49 36 49 17 95 67 90 33 54 61 43 56 90 70
25: 90 9 46 71 8 60 62 31 74 54 99 96 4 93 51 82 87 31 23 56 77 40 6 81 7 61 55 73 36 64 25 11 43 5 62 72 10 70 77 75 21 1 84 28 27 18
26: 82 30 44 47 74 91 83 87 98 53 32 20 96 13 80 61 48 95 21 89 99 67 71 14 87 3 92 50 32 53 91 9 85 18 24 16 59 64 90 73 33 31 98 46 50 34 72 62 3 99 30 91 88 36 69 94
27: 58 3 93 3 48 82 52 35 47 91 81 4 98 80 59 21 27 45 32 88 67 89 42 41 87 88 58 53 41 62 95 3 86 89 61 77 64 49 81 65 49
28: 35 27 37 29 11 76 18 36 42 76 93 59 89 71 26 80 14 93 68 42 19 66 41 83 79 15 76 83 79 20 52 35 93 23 50 53 66 85 38 4 37 47 92 69 60 80 93 67 15
29: 92 27 6 3 90 12 42 96 1 6 97 69 32 53 96 71 44 71 38 53 57 35 78 34 24 54 2 60 74 15 14 72 43 92 45 18 28 35 53 49 27 42 39 91 25 72 47 81 64 68
30: 66 77 86 53 31 77 30 23 29 87 9 32 44 55 79 51 34 78 35 75 32 84 20 89 61 77 15 88 26 31 97 88 53 40 92 16 0 95 99 39 11 95 43 3 22 15 27 66 43
31: 38 79 11 5 28 95 74 41 84 81 80 23 62 64 68 15 55 90 53 73 1 38 37 58 31 32 11 15 48 39 22 72 52 56 92 42 77 4 68 18 11
32: 6 67 29 58 67 9 26 21 96 24 31 39 81 99 38 52 3 15 76 47 19 0 19 57 35 69 67 27 28 96 24 45 87 88 33 48 87 71 67 17 67 99 47 99 55 31 70 41 26 18 82 82
33: 11 44 23 56 77 33 93 26 59 89 48 54 95 71 92 74 65 2 60 84 18 60 98 70 9 89 86 17 7 28 45 48 52 38 62 76 71 22 36 63 42 21 20 77 60 40 97 81 28 9 84 30 44 86 98 25 54 4 43 3 32 13 14 72 95 90
34: 55 6 50 57 93 9 5 11 29 81 62 21 3 69 16 39 69 88 8 53 67 29 75 13 22 18 92 28 88 11 76 87 13 73 62 29 5 31 66 91 60 36 42 55 44 63 57
35: 38 32 60 7 30 68 36 42 19 38 60 76 65 41 26 3 11 19 33 62 50 37 39 85 37 38 69 97 95 23 19 86 51 19 91 35 65 52 97 87 68 75
36: 36 89 42 67 57 24 64 50 73 10 39 34 36 29 98 22 98 3 73 41 5 54 45 10 7 58 75 32 20 82 97 12 93 64 62 20 89 23 39 46 6 91 36 60 30 68 17 86 41 36 83 18 82 76 77 19 98 16 86 52 87
37: 85 65 53 16 87 76 91 17 52 48 86 42 74 84 85 98 70 48 67 83 18 84 37 94 49 33 88 15 2 78 90 50 69 19 39 87 90 64 30 35 66 37 63 14 67 67 57 12 77 16 73 73
38: 27 69 7 5 35 89 70 36 85 59 17 95 12 96 35 81 91 70 55 83 11 69 66 21 5 53 6 86 95 16 24 98 28 55 57 16 25 0 90 76 97 79 76 50 37 30 95 79 81 88
39: 7 34 10 93 78 16 3 80 41 4 82 29 97 69 97 71 25 21 14 15 17 26 74 75 10 19 52 82 65 66 54 72 6 31 7 96 63 46 77 73 88 21 34 30 27 65 9 76 45 84 4 22 24 76 59
40: 66 66 45 33 88 37 11 96 97 0 23 12 82 18 42 22 25 29 82 72 20 70 11 41 36 42 61 83 31 39 76 5 18 77 9 88 47 98 40 91 86 88 42 10 16 23 57 26 68 17 19 55 5 75 54 55 34 51 85 53 19 37 44 25 10 42 71
41: 55 84 86 3 37 59 22 87 70 6 86 56 42 46 33 43 23 1 6 76 32 97 81 63 41 19 48 18 45 53 86 69 87 84 99 48 4 66 74 38 92 39 42 37 46 11 62 9 39 23
42: 85 91 60 10 27 89 32 67 62 61 37 14 23 31 99 24 85 3 2 32 72 59 87 30 52 29 2 79 38 8 38 47 77 7 16 1 54 87 30 7 7 53 82 94 12 23 80 20 87 29 73 80 17 99 0 57 20
43: 4 92 21 52 67 54 82 69 49 68 17 23 82 88 20 59 83 8 90 80 78 77 52 18 25 65 33 36 50 16 42 89 81 66 19 80 76 50 54 56
44: 17 71 91 69 69 57 49 96 37 71 97 42 12 45 21 47 42 10 64 78 67 92 38 20 67 46 56 10
45: 66 36 35 38 1 57 11 52 21 22 3 28 6 95 76 95 33 17 89 30 72 42 9 64 45 32 31 5 15 62 96 39 42 72 88 33 34 51 0 60 90
46: 82 60 35 74 23 93 77 34 83 53 15 69 52 81 28 38 79 89 93 86 18 68 60 7 96 63 32 62 45 27 56 18 95 75 55 59 47 33 56 66 89 58 79 54 25 53 4 32 32 46 54
47: 43 31 77 65 84 45 79 4 1 20 19 54 19 65 53 78 2 73 40 64 89 34 92 29 17 6 36 61 99 62 89 93 38 56 83 73 55 51 84 50 14 72 65 54 85 18 67 52 71 9 14
48: 76 21 76 91 33 56 99 28 95 1 81 85 72 9 53 36 51 46 4 48 88 33 11 61 58 41 29 2 15 7 76 96 69 49 62 77 60 97 7 87 60 42 84 26 0 13 55 30 49 7 85 51 97 15 67 68 40 20 63 95 23
49: 36 91 29 77 71 22 88 18 33 1 81 21 93 25 21 98 61 70 28 49 75 62 42 23 51 37 9 92 50 28 32 86 73 16 0 46 56 87 90 27
50: 91 66 79 16 37 11 26 55 22 64 69 45 58 10 90 43 12 5 62 14 34 23 58 53 28 57 54 11 36 64 68 16 52 48 11 2 4 58 67 41 32 70 25 8
51: 33 67 8 59 85 53 20 57 60 98 16 66 95 9 26 17 98 99 33 80 15 13 46 18 6 2 19 57 93 79 84 78 73 28 46 7 79 61 98 70 29 28 81 86 41
52: 65 3 94 34 45 83 86 83 82 21 22 60 10 7 88 10 82 83 23 82 12 84 53 2 35 72 39 27 56 75 77 88 87 89 74 15 68 88 22 53 45 70 50 81 47 29 80 74 56 16 5 85 40
53: 4 53 80 32 99 30 99 20 18 94 15 59 27 3 68 34 19 96 99 41 62 42 5 51 53 73 52 34 42 59 29 52 69 7 69 65 90 78 15 19 89 37 35 57 37 89 10 47 6 34 31 86 96 89 79
54: 39 4 56 23 42 95 35 20 17 96 24 51 14 4 5 78 93 13 8 43 39 51 83 73 27 93 37 9 47 27 14 16 23 1 50 72 16 9 70 51 12 48 30 40 48 76 21 84 60 98 39 55
55: 66 16 44 90 74 12 19 56 81 0 15 78 51 14 35 16 79 89 2 58 78 58 32 26 25 94 74 9 1 17 92 19 96 5 94 64 66 40 42 97 45 16 83 39 13 0 23
56: 87 56 57 4 9 6 89 23 18 73 52 90 60 2 78 63 18 5 45 86 42 76 51 8 9 54 20 29 93 3 27 56 24 93 2 74 50 83 37 48 26 84 3 94 55
57: 43 5 43 46 88 43 19 56 36 88 10 25 68 33 89 69 90 55 49 87 73 88 5 6 73 45 72 58 92 28 24 73 10 41 33 29 58 45 39 11 56
58: 51 80 60 76 87 63 39 93 78 0 61 64 27 54 86 54 21 30 93 52 38 65 63 13 36 21 36 95 10 26 7 85 88 80 46 86 62 0 85
59: 24 27 85 65 85 59 94 83 46 51 97 78 79 86 88 35 65 62 78 93 4 63 69 13 81 4 12 26 76 45 20 78 29 13 56 76 11 26 85 0 90 89 94 82 27 40 56 51 20 12 72 99
60: 45 27 42 71 13 12 61 57 1 61 13 77 83 75 62 34 4 94 17 43 25 0 92 66 28 7 29 28 19 11 90 78 58 37 50 0 47 18 39 21 53 75 20 63 21 45 91 13 38 33 85 91 0
61: 71 76 41 22 36 26 73 98 19 83 87 45 99 56 31 67 17 45 7 41 7 19 5 93 79 4 26 82 66 61 66 15 41 36 46 72 34 65 60 95 66 84 49 65 64 45 27 20 14 55 45 92 67 30 76 43 5
62: 98 39 62 11 91 52 41 71 26 85 71 10 59 91 78 51 12 91 69 8 85 33 65 70 77 33 3 96 15 62 52 25 87 88 79 41 40 37
63: 82 79 20 98 75 68 42 47 32 90 16 16 23 90 55 19 59 61 27 47 4 78 55 90 62 91 34 20 13 46 33 17 10 65 7 10 78 20 50 31 60 44 76 17 57 6 16 61 92 1 93 45
64: 3 36 36 94 96 45 38 96 16 51 10 15 65 95 56 10 33 40 19 80 14 38 75 28 94 93 35 66 23 84 18 29 10 84 38 9 20 11 65
65: 74 40 59 82 13 72 76 21 38 8 63 65 95 43 38 39 93 48 51 98 97 98 72 21 55 92 26 9 97 62 73 88 36 23 7 27 86 88 46 41 68 26 23 3 91 51 7 63 85 51 49 73 12
66: 78 94 54 7 75 97 9 57 94 95 74 9 70 48 21 13 67 48 28 40 89 70 51 95 44 66 98 49 79 49 79 71 93 54 43 18 15 4 36 40 70 85 18 14 5 40 49
67: 68 76 11 92 18 93 28 92 50 92 12 58 10 13 61 89 21 88 65 58 10 83 36 15 88 88 42 29 76 44 40 69 75 30 13 48 34 56 33 79 26 38 93 54 51 53 63 92 20 50 20 67 62 64 71
68: 75 92 63 75 0 81 27 98 36 68 29 45 87 31 90 82 56 28 1 79 25 45 74 10 69 92 64 50 83 65 8 14 45 83 59 32 19 3 2 90 88 65 58 38
69: 72 23 36 63 38 13 65 48 88 1 38 59 62 55 61 76 73 47 59 63 38 68 80 5 83 88 26 34 4 41 29 69 96 24 90 9 73 96 59 49 74 90 8 86 71 75 37 5
70: 2 53 22 41 25 78 10 14 26 66 88 50 79 41 91 38 69 89 80 9 40 7 38 89 94 25 58 25 19 78 8 70 17 1 27 15 85 26 69 8 17 46 20 24 42 11 80 80 87 16 2 50 40 11 52 83 73 47
71: 78 92 70 60 46 30 94 11 92 52 14 95 68 89 78 40 24 26 15 97 54 24 79 31 97 96 88 8 34 95 32 81 45 88 2 92 96 75 53 68 11 37 9 61 23 75
72: 11 59 82 96 19 68 9 79 23 4 68 93 68 25 50 28 61 50 67 98 90 83 8 53 14 52 71 82 84 17 44 56 83 64 82 82
73: 47 70 81 94 59 40 96 46 52 53 39 83 56 60 82 59 18 29 96 20 13 56 65 68 26 24 81 81 8 31 71 37 94 33 62 91 77 31 3 97 98 99 6 76 26 50 45 69 93 20 46 84 58 35 85 18 95 89 39
74: 16 89 53 89 84 80 13 70 99 19 3 62 24 47 24 81 68 41 5 0 50 4 75 16 34 8 30 5 51 3 8 86 57 31 4 17 26 9 7 99 86 47 19 34 8 47 35 20 45 99 74 10 92 35
75: 85 88 18 55 57 60 59 49 49 3 86 36 86 50 8 46 28 41 81 88 53 67 17 37 34 30 73 93 22 50 58 46 11 27 63 33 49 88 36 96 64 36 57 76 45
76: 80 69 69 56 4 13 11 25 89 72 38 67 12 75 77 36 12 52 89 41 10 68 16 95 5 13 69 24 44 61 33 75 31 99 35 59 64 88 53 78 82 85 38 25 1 83 6 25 1 17 58 10 58
77: 44 99 43 40 74 49 52 87 54 39 4 5 27 4 61 43 81 72 33 89 45 54 15 23 74 43 72 10 13 63 73 4 55 39 36 53 92 43 70 18 74 40 97 9 95 48 47 62 28 14 80 55 25 95 23 15 69 65 38
78: 61 23 70 33 5 41 97 71 46 12 33 17 94 45 72 11 40 43 57 83 27 12 49 92 74 76 31 94 65 93 1 22 6 12 58 15 38 41 26 74 85 44 47 60 32 37 20 65 10 63 12 31 25 47 91 51 86 56 40 44 30
79: 39 60 3 29 40 28 75 86 66 85 27 55 16 36 15 0 62 32 35 86 2 85 58 5 3 50 40 55 3 38 6 23 70 72 30 19 43 69 36 66
80: 85 50 30 30 87 11 57 23 30 9 41 23 3 6 5 64 27 94 27 31 74 75 38 59 15 30 33 12 74 73 67 54 16 86 2 0 84 39 96 18 13 84 81 82 70 57 9 44 60
81: 35 93 57 17 69 70 94 59 7 49 13 17 47 2 69 18 3 35 8 28 87 70 13 36 19 16 44 9 87 92 47 54 68 84 10 39 38 54 80 55 91 79
82: 61 91 12 85 68 49 64 21 96 66 17 16 82 3 22 60 28 62 42 5 3 17 41 38 80 68 86 77 33 16 94 39 26 89 66 49 10 6 64 39 91 58 11 77 55 89 44 77 66 98 64 94
83: 3 11 84 5 56 76 73 96 63 11 57 82 10 43 6 61 46 33 14 78 66 92 14 77 1 43 60 57 81 61 97 18 58 48 22 99 87 19 47 49 8 90 34 70 89 81 86 73 41 65 76 33 53 34
84: 97 59 23 46 23 32 41 58 39 60 69 21 42 1 18 95 33 98 48 66 68 31 90 87 9 66 77 72 6 67 40 78 64 52 84 66 45 68 27 84 19 71 43 62 88 97 61 91 64 44 6 78 34 54 58 22 80 34 72 24 24
85: 96 70 33 95 70 33 1 25 77 71 29 51 7 13 64 26 22 49 47 86 62 92 88 17 37 50 61 71 0 75 94 66 1 17 24 77 30 16 9 97 88 92 11 93 72 34 92 33 4 97 3 22 40 6 11 67 6
86: 84 86 98 29 74 25 69 92 96 95 6 63 54 93 81 99 9 54 19 68 68 25 51 7 8 72 46 19 30 89 76 65 12 81 91 16 29 78 56 82 93 15 47 74 30 36 98 34 59 57 54 97 24 47 16
87: 81 45 39 37 30 15 16 80 25 51 26 22 99 13 43 31 74 9 61 69 31 46 87 11 55 42 37 95 36 22 9 21 69 18 31 20 71 69 79 5 36 0 48 73 79 29 42 50 27 87 17
88: 78 63 44 12 50 94 89 45 69 56 91 79 81 13 43 10 89 42 37 48 83 99 48 95 81 62 78 49 50 31 52 44 23 15 20 97 38 84 98 83 63 60 67 23 17 98 97 48 10 68 79 26 24 90 49 5 70
89: 29 34 96 65 82 68 41 27 31 73 78 86 73 6 39 40 34 48 43 28 11 78 23 69 57 6 43 34 0 99 54 34 30 74 94 37 83 59 38 55 67 21 94 64 47 44 57 13
90: 79 52 64 54 19 0 54 26 87 16 6 25 5 48 67 13 21 10 81 27 90 71 86 7 34 47 94 67 4 14 57 91 41 2 1 32 92 93 95 84 9 49 78 82 25
91: 6 60 28 42 99 87 81 33 95 27 83 42 91 73 80 98 43 39 56 10 81 30 86 81 64 22 94 59 35 19 58 75 49 62 13 6 90 71 4 32 70 12 98 99 46
92: 10 87 0 90 53 98 94 85 29 44 52 51 33 56 80 94 92 96 6 86 70 0 19 15 29 73 8 51 12 38 79 34 8 6 40 43 78 71 32 80 70 70 27 60 89 89 14 9 32 85 77 83 1 22
93: 97 58 29 89 92 25 45 61 83 3 87 55 53 2 23 40 82 75 86 45 37 22 50 44 67 17 91 55 11 54 24 11 9 27 52 77 50 36 65 39 2 27 16 77 39 15 18
94: 74 23 55 4 27 98 31 58 23 92 45 78 19 61 31 39 39 16 61 39 81 7 68 92 91 45 6 83 17 25 23 18 46 36 63 26 19 79 41 99 32 1 15 31 45 68 38 1 86 23 3 30 44 63 46 1 61
95: 49 67 30 14 84 20 19 14 87 98 28 16 5 62 24 55 33 32 51 43 13 21 73 74 42 17 34 66 58 52 58 66 61 35 36 44 13 12 76 81 27 89 4 58 3 85 56 19 32 92 58 89 52 33 94
96: 13 75 39 96 54 63 70 95 93 96 66 77 70 11 54 30 33 87 40 98 5 92 37 80 7 34 62 72 85 70 78 59 39 58 55 57 90 96 3 10 16 78 55 43 22 13 89 81 78 86
97: 10 22 81 71 28 47 70 55 16 67 32 58 41 52 21 22 82 80 11 73 90 29 57 68 48 22 97 50 15 47 21 28 94 26 42 83 25 82 45 79 9 56 83 60 19 6 66 34 65 96 34 82 63 94 60 35
98: 36 17 57 50 52 1 64 25 21 5 47 12 41 6 95 25 89 76 87 5 27 25 16 92 69 72 99 70 11 79 2 68 98 4 73 98 32 11 8 14 94
99: 93 72 26 84 75 86 41 61 40 21 1 2 80 88 78 19 12 13 20 93 23 99 67 77 93 1 88 33 9 71 30 86 26 12 39 91 87 42 55 45 61 45 61 40 21 5 59 14 99 13 57 2 46 54 29
